::ffff:127.0.0.1 - - [31/May/2022:06:58:55 +0000] "GET /goals HTTP/1.1" 200 12 "-" "Thunder Client (https://www.thunderclient.com)"
::ffff:127.0.0.1 - - [31/May/2022:06:59:11 +0000] "GET /goals HTTP/1.1" 200 12 "-" "Thunder Client (https://www.thunderclient.com)"
::1 - - [31/May/2022:07:47:18 +0000] "GET /goals HTTP/1.1" 200 12 "http://localhost:3000/" "Mozilla/5.0 (X11; Linux x86_64) AppleWebKit/537.36 (KHTML, like Gecko) Chrome/100.0.4896.127 Safari/537.36"
::1 - - [31/May/2022:07:47:18 +0000] "GET /goals HTTP/1.1" 304 - "http://localhost:3000/" "Mozilla/5.0 (X11; Linux x86_64) AppleWebKit/537.36 (KHTML, like Gecko) Chrome/100.0.4896.127 Safari/537.36"
::1 - - [31/May/2022:07:47:39 +0000] "GET /goals HTTP/1.1" 304 - "http://localhost:3000/" "Mozilla/5.0 (X11; Linux x86_64) AppleWebKit/537.36 (KHTML, like Gecko) Chrome/100.0.4896.127 Safari/537.36"
::1 - - [31/May/2022:07:49:02 +0000] "GET /goals HTTP/1.1" 304 - "http://localhost:3000/" "Mozilla/5.0 (X11; Linux x86_64) AppleWebKit/537.36 (KHTML, like Gecko) Chrome/100.0.4896.127 Safari/537.36"
::1 - - [31/May/2022:07:49:02 +0000] "GET /goals HTTP/1.1" 304 - "http://localhost:3000/" "Mozilla/5.0 (X11; Linux x86_64) AppleWebKit/537.36 (KHTML, like Gecko) Chrome/100.0.4896.127 Safari/537.36"
::1 - - [31/May/2022:07:51:14 +0000] "GET /goals HTTP/1.1" 304 - "http://localhost:3000/" "Mozilla/5.0 (X11; Linux x86_64) AppleWebKit/537.36 (KHTML, like Gecko) Chrome/100.0.4896.127 Safari/537.36"
::1 - - [31/May/2022:07:51:56 +0000] "GET /goals HTTP/1.1" 304 - "http://localhost:3000/" "Mozilla/5.0 (X11; Linux x86_64) AppleWebKit/537.36 (KHTML, like Gecko) Chrome/100.0.4896.127 Safari/537.36"
::1 - - [31/May/2022:07:52:25 +0000] "GET /goals HTTP/1.1" 304 - "http://localhost:3000/" "Mozilla/5.0 (X11; Linux x86_64) AppleWebKit/537.36 (KHTML, like Gecko) Chrome/100.0.4896.127 Safari/537.36"
::1 - - [31/May/2022:07:53:23 +0000] "GET /goals HTTP/1.1" 304 - "http://localhost:3000/" "Mozilla/5.0 (X11; Linux x86_64) AppleWebKit/537.36 (KHTML, like Gecko) Chrome/100.0.4896.127 Safari/537.36"
::1 - - [31/May/2022:07:55:18 +0000] "GET /goals HTTP/1.1" 304 - "http://localhost:3000/" "Mozilla/5.0 (X11; Linux x86_64) AppleWebKit/537.36 (KHTML, like Gecko) Chrome/100.0.4896.127 Safari/537.36"
::1 - - [31/May/2022:07:55:18 +0000] "GET /goals HTTP/1.1" 304 - "http://localhost:3000/" "Mozilla/5.0 (X11; Linux x86_64) AppleWebKit/537.36 (KHTML, like Gecko) Chrome/100.0.4896.127 Safari/537.36"
::1 - - [31/May/2022:07:57:14 +0000] "GET /goals HTTP/1.1" 304 - "http://localhost:3000/" "Mozilla/5.0 (X11; Linux x86_64) AppleWebKit/537.36 (KHTML, like Gecko) Chrome/100.0.4896.127 Safari/537.36"
::1 - - [31/May/2022:07:57:45 +0000] "GET /goals HTTP/1.1" 304 - "http://localhost:3000/" "Mozilla/5.0 (X11; Linux x86_64) AppleWebKit/537.36 (KHTML, like Gecko) Chrome/100.0.4896.127 Safari/537.36"
::1 - - [31/May/2022:07:58:28 +0000] "GET /goals HTTP/1.1" 304 - "http://localhost:3000/" "Mozilla/5.0 (X11; Linux x86_64) AppleWebKit/537.36 (KHTML, like Gecko) Chrome/100.0.4896.127 Safari/537.36"
::1 - - [31/May/2022:07:58:28 +0000] "GET /goals HTTP/1.1" 304 - "http://localhost:3000/" "Mozilla/5.0 (X11; Linux x86_64) AppleWebKit/537.36 (KHTML, like Gecko) Chrome/100.0.4896.127 Safari/537.36"
::1 - - [31/May/2022:07:58:45 +0000] "OPTIONS /goals HTTP/1.1" 204 0 "http://localhost:3000/" "Mozilla/5.0 (X11; Linux x86_64) AppleWebKit/537.36 (KHTML, like Gecko) Chrome/100.0.4896.127 Safari/537.36"
::1 - - [31/May/2022:07:58:45 +0000] "POST /goals HTTP/1.1" 201 87 "http://localhost:3000/" "Mozilla/5.0 (X11; Linux x86_64) AppleWebKit/537.36 (KHTML, like Gecko) Chrome/100.0.4896.127 Safari/537.36"
::1 - - [31/May/2022:07:59:28 +0000] "GET /goals HTTP/1.1" 200 67 "http://localhost:3000/" "Mozilla/5.0 (X11; Linux x86_64) AppleWebKit/537.36 (KHTML, like Gecko) Chrome/100.0.4896.127 Safari/537.36"
::1 - - [31/May/2022:07:59:28 +0000] "GET /goals HTTP/1.1" 304 - "http://localhost:3000/" "Mozilla/5.0 (X11; Linux x86_64) AppleWebKit/537.36 (KHTML, like Gecko) Chrome/100.0.4896.127 Safari/537.36"
::1 - - [31/May/2022:08:00:27 +0000] "GET /goals HTTP/1.1" 200 67 "http://localhost:3000/" "Mozilla/5.0 (X11; Linux x86_64) AppleWebKit/537.36 (KHTML, like Gecko) Chrome/100.0.4896.127 Safari/537.36"
::1 - - [31/May/2022:08:00:27 +0000] "GET /goals HTTP/1.1" 200 67 "http://localhost:3000/" "Mozilla/5.0 (X11; Linux x86_64) AppleWebKit/537.36 (KHTML, like Gecko) Chrome/100.0.4896.127 Safari/537.36"
::1 - - [31/May/2022:08:00:39 +0000] "OPTIONS /goals HTTP/1.1" 204 0 "http://localhost:3000/" "Mozilla/5.0 (X11; Linux x86_64) AppleWebKit/537.36 (KHTML, like Gecko) Chrome/100.0.4896.127 Safari/537.36"
::1 - - [31/May/2022:08:00:42 +0000] "POST /goals HTTP/1.1" 201 86 "http://localhost:3000/" "Mozilla/5.0 (X11; Linux x86_64) AppleWebKit/537.36 (KHTML, like Gecko) Chrome/100.0.4896.127 Safari/537.36"
::1 - - [31/May/2022:08:00:42 +0000] "POST /goals HTTP/1.1" 201 86 "http://localhost:3000/" "Mozilla/5.0 (X11; Linux x86_64) AppleWebKit/537.36 (KHTML, like Gecko) Chrome/100.0.4896.127 Safari/537.36"
::1 - - [31/May/2022:08:00:56 +0000] "GET /goals HTTP/1.1" 200 177 "http://localhost:3000/" "Mozilla/5.0 (X11; Linux x86_64) AppleWebKit/537.36 (KHTML, like Gecko) Chrome/100.0.4896.127 Safari/537.36"
::1 - - [31/May/2022:08:00:56 +0000] "GET /goals HTTP/1.1" 304 - "http://localhost:3000/" "Mozilla/5.0 (X11; Linux x86_64) AppleWebKit/537.36 (KHTML, like Gecko) Chrome/100.0.4896.127 Safari/537.36"
::1 - - [31/May/2022:08:02:29 +0000] "GET /goals HTTP/1.1" 304 - "http://localhost:3000/" "Mozilla/5.0 (X11; Linux x86_64) AppleWebKit/537.36 (KHTML, like Gecko) Chrome/100.0.4896.127 Safari/537.36"
::1 - - [31/May/2022:08:02:37 +0000] "OPTIONS /goals HTTP/1.1" 204 0 "http://localhost:3000/" "Mozilla/5.0 (X11; Linux x86_64) AppleWebKit/537.36 (KHTML, like Gecko) Chrome/100.0.4896.127 Safari/537.36"
::1 - - [31/May/2022:08:02:37 +0000] "POST /goals HTTP/1.1" 201 82 "http://localhost:3000/" "Mozilla/5.0 (X11; Linux x86_64) AppleWebKit/537.36 (KHTML, like Gecko) Chrome/100.0.4896.127 Safari/537.36"
::1 - - [31/May/2022:08:02:49 +0000] "GET /goals HTTP/1.1" 200 228 "http://localhost:3000/" "Mozilla/5.0 (X11; Linux x86_64) AppleWebKit/537.36 (KHTML, like Gecko) Chrome/100.0.4896.127 Safari/537.36"
::1 - - [31/May/2022:08:03:17 +0000] "GET /goals HTTP/1.1" 200 228 "http://localhost:3000/" "Mozilla/5.0 (X11; Linux x86_64) AppleWebKit/537.36 (KHTML, like Gecko) Chrome/100.0.4896.127 Safari/537.36"
::1 - - [31/May/2022:08:03:17 +0000] "GET /goals HTTP/1.1" 304 - "http://localhost:3000/" "Mozilla/5.0 (X11; Linux x86_64) AppleWebKit/537.36 (KHTML, like Gecko) Chrome/100.0.4896.127 Safari/537.36"
::1 - - [31/May/2022:08:04:43 +0000] "GET /goals HTTP/1.1" 304 - "http://localhost:3000/" "Mozilla/5.0 (X11; Linux x86_64) AppleWebKit/537.36 (KHTML, like Gecko) Chrome/100.0.4896.127 Safari/537.36"
::1 - - [31/May/2022:08:04:43 +0000] "GET /goals HTTP/1.1" 304 - "http://localhost:3000/" "Mozilla/5.0 (X11; Linux x86_64) AppleWebKit/537.36 (KHTML, like Gecko) Chrome/100.0.4896.127 Safari/537.36"
::1 - - [31/May/2022:08:04:59 +0000] "GET /goals HTTP/1.1" 304 - "http://localhost:3000/" "Mozilla/5.0 (X11; Linux x86_64) AppleWebKit/537.36 (KHTML, like Gecko) Chrome/100.0.4896.127 Safari/537.36"
::1 - - [31/May/2022:08:05:02 +0000] "GET /goals HTTP/1.1" 304 - "http://localhost:3000/" "Mozilla/5.0 (X11; Linux x86_64) AppleWebKit/537.36 (KHTML, like Gecko) Chrome/100.0.4896.127 Safari/537.36"
::1 - - [31/May/2022:08:07:55 +0000] "GET /goals HTTP/1.1" 304 - "http://localhost:3000/" "Mozilla/5.0 (X11; Linux x86_64) AppleWebKit/537.36 (KHTML, like Gecko) Chrome/100.0.4896.127 Safari/537.36"
::1 - - [31/May/2022:08:08:38 +0000] "OPTIONS /goals/6295cb9d17b135cee75a573e HTTP/1.1" 204 0 "http://localhost:3000/" "Mozilla/5.0 (X11; Linux x86_64) AppleWebKit/537.36 (KHTML, like Gecko) Chrome/100.0.4896.127 Safari/537.36"
::1 - - [31/May/2022:08:08:38 +0000] "DELETE /goals/6295cb9d17b135cee75a573e HTTP/1.1" 200 27 "http://localhost:3000/" "Mozilla/5.0 (X11; Linux x86_64) AppleWebKit/537.36 (KHTML, like Gecko) Chrome/100.0.4896.127 Safari/537.36"
::1 - - [31/May/2022:08:08:40 +0000] "OPTIONS /goals/6295cab583b5237d47d58fb8 HTTP/1.1" 204 0 "http://localhost:3000/" "Mozilla/5.0 (X11; Linux x86_64) AppleWebKit/537.36 (KHTML, like Gecko) Chrome/100.0.4896.127 Safari/537.36"
::1 - - [31/May/2022:08:08:40 +0000] "DELETE /goals/6295cab583b5237d47d58fb8 HTTP/1.1" 200 27 "http://localhost:3000/" "Mozilla/5.0 (X11; Linux x86_64) AppleWebKit/537.36 (KHTML, like Gecko) Chrome/100.0.4896.127 Safari/537.36"
::1 - - [31/May/2022:08:08:41 +0000] "OPTIONS /goals/6295cb2a17b135cee75a5739 HTTP/1.1" 204 0 "http://localhost:3000/" "Mozilla/5.0 (X11; Linux x86_64) AppleWebKit/537.36 (KHTML, like Gecko) Chrome/100.0.4896.127 Safari/537.36"
::1 - - [31/May/2022:08:08:41 +0000] "DELETE /goals/6295cb2a17b135cee75a5739 HTTP/1.1" 200 27 "http://localhost:3000/" "Mozilla/5.0 (X11; Linux x86_64) AppleWebKit/537.36 (KHTML, like Gecko) Chrome/100.0.4896.127 Safari/537.36"
::1 - - [31/May/2022:08:08:41 +0000] "OPTIONS /goals/6295cb2a17b135cee75a5737 HTTP/1.1" 204 0 "http://localhost:3000/" "Mozilla/5.0 (X11; Linux x86_64) AppleWebKit/537.36 (KHTML, like Gecko) Chrome/100.0.4896.127 Safari/537.36"
::1 - - [31/May/2022:08:08:41 +0000] "DELETE /goals/6295cb2a17b135cee75a5737 HTTP/1.1" 200 27 "http://localhost:3000/" "Mozilla/5.0 (X11; Linux x86_64) AppleWebKit/537.36 (KHTML, like Gecko) Chrome/100.0.4896.127 Safari/537.36"
::1 - - [31/May/2022:08:08:52 +0000] "GET /goals HTTP/1.1" 200 12 "http://localhost:3000/" "Mozilla/5.0 (X11; Linux x86_64) AppleWebKit/537.36 (KHTML, like Gecko) Chrome/100.0.4896.127 Safari/537.36"
::1 - - [31/May/2022:08:08:52 +0000] "GET /goals HTTP/1.1" 304 - "http://localhost:3000/" "Mozilla/5.0 (X11; Linux x86_64) AppleWebKit/537.36 (KHTML, like Gecko) Chrome/100.0.4896.127 Safari/537.36"
::1 - - [31/May/2022:08:09:02 +0000] "OPTIONS /goals HTTP/1.1" 204 0 "http://localhost:3000/" "Mozilla/5.0 (X11; Linux x86_64) AppleWebKit/537.36 (KHTML, like Gecko) Chrome/100.0.4896.127 Safari/537.36"
::1 - - [31/May/2022:08:09:02 +0000] "POST /goals HTTP/1.1" 201 90 "http://localhost:3000/" "Mozilla/5.0 (X11; Linux x86_64) AppleWebKit/537.36 (KHTML, like Gecko) Chrome/100.0.4896.127 Safari/537.36"
::1 - - [31/May/2022:11:15:29 +0000] "GET /goals HTTP/1.1" 200 12 "http://localhost:3000/" "Mozilla/5.0 (X11; Linux x86_64) AppleWebKit/537.36 (KHTML, like Gecko) Chrome/100.0.4896.127 Safari/537.36"
::1 - - [31/May/2022:11:15:29 +0000] "GET /goals HTTP/1.1" 304 - "http://localhost:3000/" "Mozilla/5.0 (X11; Linux x86_64) AppleWebKit/537.36 (KHTML, like Gecko) Chrome/100.0.4896.127 Safari/537.36"
::1 - - [31/May/2022:11:15:37 +0000] "OPTIONS /goals HTTP/1.1" 204 0 "http://localhost:3000/" "Mozilla/5.0 (X11; Linux x86_64) AppleWebKit/537.36 (KHTML, like Gecko) Chrome/100.0.4896.127 Safari/537.36"
::1 - - [31/May/2022:11:15:37 +0000] "POST /goals HTTP/1.1" 201 86 "http://localhost:3000/" "Mozilla/5.0 (X11; Linux x86_64) AppleWebKit/537.36 (KHTML, like Gecko) Chrome/100.0.4896.127 Safari/537.36"
::1 - - [31/May/2022:11:15:42 +0000] "POST /goals HTTP/1.1" 201 82 "http://localhost:3000/" "Mozilla/5.0 (X11; Linux x86_64) AppleWebKit/537.36 (KHTML, like Gecko) Chrome/100.0.4896.127 Safari/537.36"
